android/app/build/intermediates/manifest_merge_blame_file/debug/manifest-merger-blame-debug-report.txt
1<?xml version="1.0" encoding="utf-8"?>
2<manifest xmlns:android="http://schemas.android.com/apk/res/android"
3    package="com.example.agriapp"
4    android:versionCode="1"
5    android:versionName="1.0.0" >
6
7    <uses-sdk
8        android:minSdkVersion="20"
9        android:targetSdkVersion="31" />
10    <!--
11         The INTERNET permission is required for development. Specifically,
12         the Flutter tool needs it to communicate with the running application
13         to allow setting breakpoints, to provide hot reload, etc.
14    -->
15    <uses-permission android:name="android.permission.INTERNET" />
15-->src/debug/AndroidManifest.xml:7:5-66
15-->src/debug/AndroidManifest.xml:7:22-64
16    <uses-permission android:name="android.permission.ACCESS_FINE_LOCATION" />
16-->src/main/AndroidManifest.xml:3:5-79
16-->src/main/AndroidManifest.xml:3:22-76
17    <uses-permission android:name="android.permission.ACCESS_COARSE_LOCATION" />
17-->src/main/AndroidManifest.xml:4:5-81
17-->src/main/AndroidManifest.xml:4:22-78
18    <uses-permission android:name="android.permission.ACCESS_BACKGROUND_LOCATION" />
18-->src/main/AndroidManifest.xml:5:5-85
18-->src/main/AndroidManifest.xml:5:22-82
19    <uses-permission android:name="android.permission.WAKE_LOCK" />
19-->[:firebase_messaging] AndroidManifest.xml:10:5-68
19-->[:firebase_messaging] AndroidManifest.xml:10:22-65
20    <uses-permission android:name="android.permission.ACCESS_NETWORK_STATE" /> <!-- Permissions options for the `notification` group -->
20-->[:firebase_messaging] AndroidManifest.xml:11:5-79
20-->[:firebase_messaging] AndroidManifest.xml:11:22-76
21    <uses-permission android:name="android.permission.POST_NOTIFICATIONS" />
21-->[:firebase_messaging] AndroidManifest.xml:13:5-77
21-->[:firebase_messaging] AndroidManifest.xml:13:22-74
22    <uses-permission android:name="android.permission.FOREGROUND_SERVICE" /> <!-- Required by older versions of Google Play services to create IID tokens -->
22-->[:geolocator_android] AndroidManifest.xml:9:5-77
22-->[:geolocator_android] AndroidManifest.xml:9:22-74
23    <uses-permission android:name="com.google.android.c2dm.permission.RECEIVE" />
23-->[com.google.firebase:firebase-messaging:23.1.1] AndroidManifest.xml:28:5-82
23-->[com.google.firebase:firebase-messaging:23.1.1] AndroidManifest.xml:28:22-79
24
25    <uses-feature
25-->[com.google.android.gms:play-services-maps:18.1.0] AndroidManifest.xml:26:5-28:35
26        android:glEsVersion="0x00020000"
26-->[com.google.android.gms:play-services-maps:18.1.0] AndroidManifest.xml:27:9-41
27        android:required="true" />
27-->[com.google.android.gms:play-services-maps:18.1.0] AndroidManifest.xml:28:9-32
28
29    <queries>
29-->[com.google.android.gms:play-services-maps:18.1.0] AndroidManifest.xml:30:5-34:15
30
31        <!-- Needs to be explicitly declared on Android R+ -->
32        <package android:name="com.google.android.apps.maps" />
32-->[com.google.android.gms:play-services-maps:18.1.0] AndroidManifest.xml:33:9-64
32-->[com.google.android.gms:play-services-maps:18.1.0] AndroidManifest.xml:33:18-61
33    </queries>
34
35    <application
36        android:name="io.flutter.app.FlutterMultiDexApplication"
37        android:appComponentFactory="androidx.core.app.CoreComponentFactory"
37-->[androidx.core:core:1.8.0] AndroidManifest.xml:24:18-86
38        android:debuggable="true"
39        android:icon="@mipmap/ic_launcher"
40        android:label="agriapp" >
41        <activity
42            android:name="com.example.agriapp.MainActivity"
43            android:configChanges="orientation|keyboardHidden|keyboard|screenSize|smallestScreenSize|locale|layoutDirection|fontScale|screenLayout|density|uiMode"
44            android:exported="true"
45            android:hardwareAccelerated="true"
46            android:launchMode="singleTop"
47            android:theme="@style/LaunchTheme"
48            android:windowSoftInputMode="adjustResize" >
49
50            <!--
51                 Specifies an Android theme to apply to this Activity as soon as
52                 the Android process has started. This theme is visible to the user
53                 while the Flutter UI initializes. After that, this theme continues
54                 to determine the Window background behind the Flutter UI.
55            -->
56            <meta-data
57                android:name="io.flutter.embedding.android.NormalTheme"
58                android:resource="@style/NormalTheme" />
59
60            <intent-filter>
61                <action android:name="android.intent.action.MAIN" />
62
63                <category android:name="android.intent.category.LAUNCHER" />
64            </intent-filter>
65        </activity>
66        <!--
67             Don't delete the meta-data below.
68             This is used by the Flutter tool to generate GeneratedPluginRegistrant.java
69        -->
70        <meta-data
71            android:name="flutterEmbedding"
72            android:value="2" />
73        <meta-data
74            android:name="com.google.android.geo.API_KEY"
75            android:value="AIzaSyCTErIAJw0llBQSFJinxO4JlRcGmeTpiFA" />
76
77        <service
77-->[:firebase_auth] AndroidManifest.xml:10:9-14:19
78            android:name="com.google.firebase.components.ComponentDiscoveryService"
78-->[:firebase_auth] AndroidManifest.xml:10:18-89
79            android:directBootAware="true"
79-->[com.google.firebase:firebase-common:20.2.0] AndroidManifest.xml:34:13-43
80            android:exported="false" >
80-->[com.google.firebase:firebase-messaging:23.1.1] AndroidManifest.xml:54:13-37
81            <meta-data
81-->[:firebase_auth] AndroidManifest.xml:11:13-13:85
82                android:name="com.google.firebase.components:io.flutter.plugins.firebase.auth.FlutterFirebaseAuthRegistrar"
82-->[:firebase_auth] AndroidManifest.xml:12:17-124
83                android:value="com.google.firebase.components.ComponentRegistrar" />
83-->[:firebase_auth] AndroidManifest.xml:13:17-82
84            <meta-data
84-->[:firebase_storage] AndroidManifest.xml:11:13-13:85
85                android:name="com.google.firebase.components:io.flutter.plugins.firebase.storage.FlutterFirebaseAppRegistrar"
85-->[:firebase_storage] AndroidManifest.xml:12:17-126
86                android:value="com.google.firebase.components.ComponentRegistrar" />
86-->[:firebase_storage] AndroidManifest.xml:13:17-82
87            <meta-data
87-->[:cloud_firestore] AndroidManifest.xml:11:13-13:85
88                android:name="com.google.firebase.components:io.flutter.plugins.firebase.firestore.FlutterFirebaseFirestoreRegistrar"
88-->[:cloud_firestore] AndroidManifest.xml:12:17-134
89                android:value="com.google.firebase.components.ComponentRegistrar" />
89-->[:cloud_firestore] AndroidManifest.xml:13:17-82
90            <meta-data
90-->[:firebase_messaging] AndroidManifest.xml:38:13-40:85
91                android:name="com.google.firebase.components:io.flutter.plugins.firebase.messaging.FlutterFirebaseAppRegistrar"
91-->[:firebase_messaging] AndroidManifest.xml:39:17-128
92                android:value="com.google.firebase.components.ComponentRegistrar" />
92-->[:firebase_messaging] AndroidManifest.xml:40:17-82
93            <meta-data
93-->[:firebase_core] AndroidManifest.xml:11:13-13:85
94                android:name="com.google.firebase.components:io.flutter.plugins.firebase.core.FlutterFirebaseCoreRegistrar"
94-->[:firebase_core] AndroidManifest.xml:12:17-124
95                android:value="com.google.firebase.components.ComponentRegistrar" />
95-->[:firebase_core] AndroidManifest.xml:13:17-82
96            <meta-data
96-->[com.google.firebase:firebase-messaging:23.1.1] AndroidManifest.xml:55:13-57:85
97                android:name="com.google.firebase.components:com.google.firebase.messaging.FirebaseMessagingRegistrar"
97-->[com.google.firebase:firebase-messaging:23.1.1] AndroidManifest.xml:56:17-119
98                android:value="com.google.firebase.components.ComponentRegistrar" />
98-->[com.google.firebase:firebase-messaging:23.1.1] AndroidManifest.xml:57:17-82
99            <meta-data
99-->[com.google.firebase:firebase-datatransport:18.1.7] AndroidManifest.xml:27:13-29:85
100                android:name="com.google.firebase.components:com.google.firebase.datatransport.TransportRegistrar"
100-->[com.google.firebase:firebase-datatransport:18.1.7] AndroidManifest.xml:28:17-115
101                android:value="com.google.firebase.components.ComponentRegistrar" />
101-->[com.google.firebase:firebase-datatransport:18.1.7] AndroidManifest.xml:29:17-82
102            <meta-data
102-->[com.google.firebase:firebase-auth:21.1.0] AndroidManifest.xml:67:13-69:85
103                android:name="com.google.firebase.components:com.google.firebase.auth.FirebaseAuthRegistrar"
103-->[com.google.firebase:firebase-auth:21.1.0] AndroidManifest.xml:68:17-109
104                android:value="com.google.firebase.components.ComponentRegistrar" />
104-->[com.google.firebase:firebase-auth:21.1.0] AndroidManifest.xml:69:17-82
105            <meta-data
105-->[com.google.firebase:firebase-firestore:24.4.1] AndroidManifest.xml:19:13-21:85
106                android:name="com.google.firebase.components:com.google.firebase.firestore.FirestoreRegistrar"
106-->[com.google.firebase:firebase-firestore:24.4.1] AndroidManifest.xml:20:17-111
107                android:value="com.google.firebase.components.ComponentRegistrar" />
107-->[com.google.firebase:firebase-firestore:24.4.1] AndroidManifest.xml:21:17-82
108            <meta-data
108-->[com.google.firebase:firebase-storage:20.1.0] AndroidManifest.xml:32:13-34:85
109                android:name="com.google.firebase.components:com.google.firebase.storage.StorageRegistrar"
109-->[com.google.firebase:firebase-storage:20.1.0] AndroidManifest.xml:33:17-107
110                android:value="com.google.firebase.components.ComponentRegistrar" />
110-->[com.google.firebase:firebase-storage:20.1.0] AndroidManifest.xml:34:17-82
111            <meta-data
111-->[com.google.firebase:firebase-iid:21.1.0] AndroidManifest.xml:32:13-34:85
112                android:name="com.google.firebase.components:com.google.firebase.iid.Registrar"
112-->[com.google.firebase:firebase-iid:21.1.0] AndroidManifest.xml:33:17-96
113                android:value="com.google.firebase.components.ComponentRegistrar" />
113-->[com.google.firebase:firebase-iid:21.1.0] AndroidManifest.xml:34:17-82
114            <meta-data
114-->[com.google.firebase:firebase-installations:17.1.0] AndroidManifest.xml:17:13-19:85
115                android:name="com.google.firebase.components:com.google.firebase.installations.FirebaseInstallationsRegistrar"
115-->[com.google.firebase:firebase-installations:17.1.0] AndroidManifest.xml:18:17-127
116                android:value="com.google.firebase.components.ComponentRegistrar" />
116-->[com.google.firebase:firebase-installations:17.1.0] AndroidManifest.xml:19:17-82
117        </service>
118        <service
118-->[:firebase_messaging] AndroidManifest.xml:16:9-19:72
119            android:name="io.flutter.plugins.firebase.messaging.FlutterFirebaseMessagingBackgroundService"
119-->[:firebase_messaging] AndroidManifest.xml:17:13-107
120            android:exported="false"
120-->[:firebase_messaging] AndroidManifest.xml:18:13-37
121            android:permission="android.permission.BIND_JOB_SERVICE" />
121-->[:firebase_messaging] AndroidManifest.xml:19:13-69
122        <service
122-->[:firebase_messaging] AndroidManifest.xml:20:9-26:19
123            android:name="io.flutter.plugins.firebase.messaging.FlutterFirebaseMessagingService"
123-->[:firebase_messaging] AndroidManifest.xml:21:13-97
124            android:exported="false" >
124-->[:firebase_messaging] AndroidManifest.xml:22:13-37
125            <intent-filter>
125-->[:firebase_messaging] AndroidManifest.xml:23:13-25:29
126                <action android:name="com.google.firebase.MESSAGING_EVENT" />
126-->[:firebase_messaging] AndroidManifest.xml:24:17-78
126-->[:firebase_messaging] AndroidManifest.xml:24:25-75
127            </intent-filter>
128        </service>
129
130        <receiver
130-->[:firebase_messaging] AndroidManifest.xml:28:9-35:20
131            android:name="io.flutter.plugins.firebase.messaging.FlutterFirebaseMessagingReceiver"
131-->[:firebase_messaging] AndroidManifest.xml:29:13-98
132            android:exported="true"
132-->[:firebase_messaging] AndroidManifest.xml:30:13-36
133            android:permission="com.google.android.c2dm.permission.SEND" >
133-->[:firebase_messaging] AndroidManifest.xml:31:13-73
134            <intent-filter>
134-->[:firebase_messaging] AndroidManifest.xml:32:13-34:29
135                <action android:name="com.google.android.c2dm.intent.RECEIVE" />
135-->[:firebase_messaging] AndroidManifest.xml:33:17-81
135-->[:firebase_messaging] AndroidManifest.xml:33:25-78
136            </intent-filter>
137        </receiver>
138
139        <provider
139-->[:firebase_messaging] AndroidManifest.xml:43:9-47:38
140            android:name="io.flutter.plugins.firebase.messaging.FlutterFirebaseMessagingInitProvider"
140-->[:firebase_messaging] AndroidManifest.xml:44:13-102
141            android:authorities="com.example.agriapp.flutterfirebasemessaginginitprovider"
141-->[:firebase_messaging] AndroidManifest.xml:45:13-88
142            android:exported="false"
142-->[:firebase_messaging] AndroidManifest.xml:46:13-37
143            android:initOrder="99" />
143-->[:firebase_messaging] AndroidManifest.xml:47:13-35
144
145        <service
145-->[:geolocator_android] AndroidManifest.xml:12:9-16:56
146            android:name="com.baseflow.geolocator.GeolocatorLocationService"
146-->[:geolocator_android] AndroidManifest.xml:13:13-77
147            android:enabled="true"
147-->[:geolocator_android] AndroidManifest.xml:14:13-35
148            android:exported="false"
148-->[:geolocator_android] AndroidManifest.xml:15:13-37
149            android:foregroundServiceType="location" />
149-->[:geolocator_android] AndroidManifest.xml:16:13-53
150
151        <uses-library
151-->[androidx.window:window:1.0.0-beta04] AndroidManifest.xml:25:9-27:40
152            android:name="androidx.window.extensions"
152-->[androidx.window:window:1.0.0-beta04] AndroidManifest.xml:26:13-54
153            android:required="false" />
153-->[androidx.window:window:1.0.0-beta04] AndroidManifest.xml:27:13-37
154        <uses-library
154-->[androidx.window:window:1.0.0-beta04] AndroidManifest.xml:28:9-30:40
155            android:name="androidx.window.sidecar"
155-->[androidx.window:window:1.0.0-beta04] AndroidManifest.xml:29:13-51
156            android:required="false" />
156-->[androidx.window:window:1.0.0-beta04] AndroidManifest.xml:30:13-37
157
158        <receiver
158-->[com.google.firebase:firebase-messaging:23.1.1] AndroidManifest.xml:31:9-38:20
159            android:name="com.google.firebase.iid.FirebaseInstanceIdReceiver"
159-->[com.google.firebase:firebase-messaging:23.1.1] AndroidManifest.xml:32:13-78
160            android:exported="true"
160-->[com.google.firebase:firebase-messaging:23.1.1] AndroidManifest.xml:33:13-36
161            android:permission="com.google.android.c2dm.permission.SEND" >
161-->[com.google.firebase:firebase-messaging:23.1.1] AndroidManifest.xml:34:13-73
162            <intent-filter>
162-->[:firebase_messaging] AndroidManifest.xml:32:13-34:29
163                <action android:name="com.google.android.c2dm.intent.RECEIVE" />
163-->[:firebase_messaging] AndroidManifest.xml:33:17-81
163-->[:firebase_messaging] AndroidManifest.xml:33:25-78
164            </intent-filter>
165        </receiver>
166        <!--
167             FirebaseMessagingService performs security checks at runtime,
168             but set to not exported to explicitly avoid allowing another app to call it.
169        -->
170        <service
170-->[com.google.firebase:firebase-messaging:23.1.1] AndroidManifest.xml:44:9-51:19
171            android:name="com.google.firebase.messaging.FirebaseMessagingService"
171-->[com.google.firebase:firebase-messaging:23.1.1] AndroidManifest.xml:45:13-82
172            android:directBootAware="true"
172-->[com.google.firebase:firebase-messaging:23.1.1] AndroidManifest.xml:46:13-43
173            android:exported="false" >
173-->[com.google.firebase:firebase-messaging:23.1.1] AndroidManifest.xml:47:13-37
174            <intent-filter android:priority="-500" >
174-->[:firebase_messaging] AndroidManifest.xml:23:13-25:29
175                <action android:name="com.google.firebase.MESSAGING_EVENT" />
175-->[:firebase_messaging] AndroidManifest.xml:24:17-78
175-->[:firebase_messaging] AndroidManifest.xml:24:25-75
176            </intent-filter>
177        </service>
178        <service
178-->[com.google.android.datatransport:transport-backend-cct:3.1.8] AndroidManifest.xml:28:9-34:19
179            android:name="com.google.android.datatransport.runtime.backends.TransportBackendDiscovery"
179-->[com.google.android.datatransport:transport-backend-cct:3.1.8] AndroidManifest.xml:29:13-103
180            android:exported="false" >
180-->[com.google.android.datatransport:transport-backend-cct:3.1.8] AndroidManifest.xml:30:13-37
181            <meta-data
181-->[com.google.android.datatransport:transport-backend-cct:3.1.8] AndroidManifest.xml:31:13-33:39
182                android:name="backend:com.google.android.datatransport.cct.CctBackendFactory"
182-->[com.google.android.datatransport:transport-backend-cct:3.1.8] AndroidManifest.xml:32:17-94
183                android:value="cct" />
183-->[com.google.android.datatransport:transport-backend-cct:3.1.8] AndroidManifest.xml:33:17-36
184        </service>
185        <service
185-->[com.google.android.datatransport:transport-runtime:3.1.8] AndroidManifest.xml:26:9-30:19
186            android:name="com.google.android.datatransport.runtime.scheduling.jobscheduling.JobInfoSchedulerService"
186-->[com.google.android.datatransport:transport-runtime:3.1.8] AndroidManifest.xml:27:13-117
187            android:exported="false"
187-->[com.google.android.datatransport:transport-runtime:3.1.8] AndroidManifest.xml:28:13-37
188            android:permission="android.permission.BIND_JOB_SERVICE" >
188-->[com.google.android.datatransport:transport-runtime:3.1.8] AndroidManifest.xml:29:13-69
189        </service>
190
191        <receiver
191-->[com.google.android.datatransport:transport-runtime:3.1.8] AndroidManifest.xml:32:9-34:40
192            android:name="com.google.android.datatransport.runtime.scheduling.jobscheduling.AlarmManagerSchedulerBroadcastReceiver"
192-->[com.google.android.datatransport:transport-runtime:3.1.8] AndroidManifest.xml:33:13-132
193            android:exported="false" />
193-->[com.google.android.datatransport:transport-runtime:3.1.8] AndroidManifest.xml:34:13-37
194
195        <activity
195-->[com.google.firebase:firebase-auth:21.1.0] AndroidManifest.xml:27:9-44:20
196            android:name="com.google.firebase.auth.internal.GenericIdpActivity"
196-->[com.google.firebase:firebase-auth:21.1.0] AndroidManifest.xml:28:13-80
197            android:excludeFromRecents="true"
197-->[com.google.firebase:firebase-auth:21.1.0] AndroidManifest.xml:29:13-46
198            android:exported="true"
198-->[com.google.firebase:firebase-auth:21.1.0] AndroidManifest.xml:30:13-36
199            android:launchMode="singleTask"
199-->[com.google.firebase:firebase-auth:21.1.0] AndroidManifest.xml:31:13-44
200            android:theme="@android:style/Theme.Translucent.NoTitleBar" >
200-->[com.google.firebase:firebase-auth:21.1.0] AndroidManifest.xml:32:13-72
201            <intent-filter>
201-->[com.google.firebase:firebase-auth:21.1.0] AndroidManifest.xml:33:13-43:29
202                <action android:name="android.intent.action.VIEW" />
202-->[com.google.firebase:firebase-auth:21.1.0] AndroidManifest.xml:34:17-69
202-->[com.google.firebase:firebase-auth:21.1.0] AndroidManifest.xml:34:25-66
203
204                <category android:name="android.intent.category.DEFAULT" />
204-->[com.google.firebase:firebase-auth:21.1.0] AndroidManifest.xml:36:17-76
204-->[com.google.firebase:firebase-auth:21.1.0] AndroidManifest.xml:36:27-73
205                <category android:name="android.intent.category.BROWSABLE" />
205-->[com.google.firebase:firebase-auth:21.1.0] AndroidManifest.xml:37:17-78
205-->[com.google.firebase:firebase-auth:21.1.0] AndroidManifest.xml:37:27-75
206
207                <data
207-->[com.google.firebase:firebase-auth:21.1.0] AndroidManifest.xml:39:17-42:51
208                    android:host="firebase.auth"
208-->[com.google.firebase:firebase-auth:21.1.0] AndroidManifest.xml:40:21-49
209                    android:path="/"
209-->[com.google.firebase:firebase-auth:21.1.0] AndroidManifest.xml:41:21-37
210                    android:scheme="genericidp" />
210-->[com.google.firebase:firebase-auth:21.1.0] AndroidManifest.xml:42:21-48
211            </intent-filter>
212        </activity>
213        <activity
213-->[com.google.firebase:firebase-auth:21.1.0] AndroidManifest.xml:45:9-62:20
214            android:name="com.google.firebase.auth.internal.RecaptchaActivity"
214-->[com.google.firebase:firebase-auth:21.1.0] AndroidManifest.xml:46:13-79
215            android:excludeFromRecents="true"
215-->[com.google.firebase:firebase-auth:21.1.0] AndroidManifest.xml:47:13-46
216            android:exported="true"
216-->[com.google.firebase:firebase-auth:21.1.0] AndroidManifest.xml:48:13-36
217            android:launchMode="singleTask"
217-->[com.google.firebase:firebase-auth:21.1.0] AndroidManifest.xml:49:13-44
218            android:theme="@android:style/Theme.Translucent.NoTitleBar" >
218-->[com.google.firebase:firebase-auth:21.1.0] AndroidManifest.xml:50:13-72
219            <intent-filter>
219-->[com.google.firebase:firebase-auth:21.1.0] AndroidManifest.xml:51:13-61:29
220                <action android:name="android.intent.action.VIEW" />
220-->[com.google.firebase:firebase-auth:21.1.0] AndroidManifest.xml:34:17-69
220-->[com.google.firebase:firebase-auth:21.1.0] AndroidManifest.xml:34:25-66
221
222                <category android:name="android.intent.category.DEFAULT" />
222-->[com.google.firebase:firebase-auth:21.1.0] AndroidManifest.xml:36:17-76
222-->[com.google.firebase:firebase-auth:21.1.0] AndroidManifest.xml:36:27-73
223                <category android:name="android.intent.category.BROWSABLE" />
223-->[com.google.firebase:firebase-auth:21.1.0] AndroidManifest.xml:37:17-78
223-->[com.google.firebase:firebase-auth:21.1.0] AndroidManifest.xml:37:27-75
224
225                <data
225-->[com.google.firebase:firebase-auth:21.1.0] AndroidManifest.xml:39:17-42:51
226                    android:host="firebase.auth"
226-->[com.google.firebase:firebase-auth:21.1.0] AndroidManifest.xml:40:21-49
227                    android:path="/"
227-->[com.google.firebase:firebase-auth:21.1.0] AndroidManifest.xml:41:21-37
228                    android:scheme="recaptcha" />
228-->[com.google.firebase:firebase-auth:21.1.0] AndroidManifest.xml:42:21-48
229            </intent-filter>
230        </activity>
231
232        <provider
232-->[com.google.firebase:firebase-common:20.2.0] AndroidManifest.xml:25:9-30:39
233            android:name="com.google.firebase.provider.FirebaseInitProvider"
233-->[com.google.firebase:firebase-common:20.2.0] AndroidManifest.xml:26:13-77
234            android:authorities="com.example.agriapp.firebaseinitprovider"
234-->[com.google.firebase:firebase-common:20.2.0] AndroidManifest.xml:27:13-72
235            android:directBootAware="true"
235-->[com.google.firebase:firebase-common:20.2.0] AndroidManifest.xml:28:13-43
236            android:exported="false"
236-->[com.google.firebase:firebase-common:20.2.0] AndroidManifest.xml:29:13-37
237            android:initOrder="100" /> <!-- Needs to be explicitly declared on P+ -->
237-->[com.google.firebase:firebase-common:20.2.0] AndroidManifest.xml:30:13-36
238        <uses-library
238-->[com.google.android.gms:play-services-maps:18.1.0] AndroidManifest.xml:39:9-41:40
239            android:name="org.apache.http.legacy"
239-->[com.google.android.gms:play-services-maps:18.1.0] AndroidManifest.xml:40:13-50
240            android:required="false" />
240-->[com.google.android.gms:play-services-maps:18.1.0] AndroidManifest.xml:41:13-37
241
242        <activity
242-->[com.google.android.gms:play-services-base:18.0.1] AndroidManifest.xml:20:9-22:45
243            android:name="com.google.android.gms.common.api.GoogleApiActivity"
243-->[com.google.android.gms:play-services-base:18.0.1] AndroidManifest.xml:20:19-85
244            android:exported="false"
244-->[com.google.android.gms:play-services-base:18.0.1] AndroidManifest.xml:22:19-43
245            android:theme="@android:style/Theme.Translucent.NoTitleBar" />
245-->[com.google.android.gms:play-services-base:18.0.1] AndroidManifest.xml:21:19-78
246
247        <meta-data
247-->[com.google.android.gms:play-services-basement:18.1.0] AndroidManifest.xml:21:9-23:69
248            android:name="com.google.android.gms.version"
248-->[com.google.android.gms:play-services-basement:18.1.0] AndroidManifest.xml:22:13-58
249            android:value="@integer/google_play_services_version" />
249-->[com.google.android.gms:play-services-basement:18.1.0] AndroidManifest.xml:23:13-66
250    </application>
251
252</manifest>